<?xml version="1.0" encoding="UTF-8"?>
<testng-results ignored="0" total="1" passed="1" failed="0" skipped="0">
  <reporter-output>
  </reporter-output>
  <suite started-at="2021-07-15T10:33:36 BST" name="Default suite" finished-at="2021-07-15T10:36:44 BST" duration-ms="188285">
    <groups>
    </groups>
    <test started-at="2021-07-15T10:33:36 BST" name="Default test" finished-at="2021-07-15T10:36:44 BST" duration-ms="188285">
      <class name="testCases.addVegetablesToBasket">
        <test-method signature="addVegetables()[pri:0, instance:testCases.addVegetablesToBasket@d706f19]" started-at="2021-07-15T10:33:36 BST" name="addVegetables" finished-at="2021-07-15T10:36:44 BST" duration-ms="188240" status="PASS">
          <reporter-output>
          </reporter-output>
        </test-method> <!-- addVegetables -->
      </class> <!-- testCases.addVegetablesToBasket -->
    </test> <!-- Default test -->
  </suite> <!-- Default suite -->
</testng-results>
